<?xml version="1.0" encoding="UTF-8"?>
<!-- Generated by org.testng.reporters.JUnitXMLReporter -->
<testsuite ignored="0" hostname="Admin-PC" failures="2" tests="5" name="Banking app test" time="73.331" errors="0" timestamp="2021-07-13T15:23:00 IST">
  <testcase classname="com.inetBanking.testCase.TC_LoginDDT_002" name="loginDDT" time="11.751"/>
  <testcase classname="com.inetBanking.testCase.TC_LoginDDT_002" name="loginDDT" time="5.781">
    <failure type="java.lang.AssertionError" message="expected [true] but found [false]">
      <![CDATA[java.lang.AssertionError: expected [true] but found [false]
at com.inetBanking.testCase.TC_LoginDDT_002.loginDDT(TC_LoginDDT_002.java:34)
at java.base/java.util.ArrayList.forEach(ArrayList.java:1511)
... Removed 31 stack frames]]>
    </failure>
  </testcase> <!-- loginDDT -->
  <testcase classname="com.inetBanking.testCase.TC_LoginDDT_002" name="loginDDT" time="9.625">
    <failure type="java.lang.AssertionError" message="expected [true] but found [false]">
      <![CDATA[java.lang.AssertionError: expected [true] but found [false]
at com.inetBanking.testCase.TC_LoginDDT_002.loginDDT(TC_LoginDDT_002.java:34)
at java.base/java.util.ArrayList.forEach(ArrayList.java:1511)
... Removed 31 stack frames]]>
    </failure>
  </testcase> <!-- loginDDT -->
  <testcase classname="com.inetBanking.testCase.TC_LoginDDT_002" name="loginDDT" time="19.018"/>
  <testcase classname="com.inetBanking.testCase.TC_LoginDDT_002" name="loginDDT" time="16.755"/>
</testsuite> <!-- Banking app test -->
