<?xml version="1.0" encoding="UTF-8"?>
<!-- Generated by org.testng.reporters.JUnitXMLReporter -->
<testsuite ignored="0" hostname="Admin-PC" failures="2" tests="5" name="Bankingapp test" time="72.251" errors="0" timestamp="2021-07-13T13:09:08 IST">
  <testcase classname="com.inetBanking.testCase.TC_LoginDDT_002" name="loginDDT" time="14.845"/>
  <testcase classname="com.inetBanking.testCase.TC_LoginDDT_002" name="loginDDT" time="5.979">
    <failure type="java.lang.AssertionError" message="expected [true] but found [false]">
      <![CDATA[java.lang.AssertionError: expected [true] but found [false]
at com.inetBanking.testCase.TC_LoginDDT_002.loginDDT(TC_LoginDDT_002.java:34)
at java.base/java.util.ArrayList.forEach(ArrayList.java:1511)
... Removed 31 stack frames]]>
    </failure>
  </testcase> <!-- loginDDT -->
  <testcase classname="com.inetBanking.testCase.TC_LoginDDT_002" name="loginDDT" time="6.721">
    <failure type="java.lang.AssertionError" message="expected [true] but found [false]">
      <![CDATA[java.lang.AssertionError: expected [true] but found [false]
at com.inetBanking.testCase.TC_LoginDDT_002.loginDDT(TC_LoginDDT_002.java:34)
at java.base/java.util.ArrayList.forEach(ArrayList.java:1511)
... Removed 31 stack frames]]>
    </failure>
  </testcase> <!-- loginDDT -->
  <testcase classname="com.inetBanking.testCase.TC_LoginDDT_002" name="loginDDT" time="11.543"/>
  <testcase classname="com.inetBanking.testCase.TC_LoginDDT_002" name="loginDDT" time="12.404"/>
</testsuite> <!-- Bankingapp test -->
